<?xml version="1.0" encoding="UTF-8"?>
<!-- Generated by org.testng.reporters.JUnitReportReporter -->
<testsuite hostname="DESKTOP-8Q17HOT" failures="0" tests="3" name="com.test.batchTesting.SignUpTest" time="0.007" errors="0" timestamp="2023-07-13T22:00:48 IST" skipped="0">
  <testcase classname="com.test.batchTesting.SignUpTest" name="signupByFacebook" time="0.002"/>
  <testcase classname="com.test.batchTesting.SignUpTest" name="signupByEmail" time="0.003"/>
  <testcase classname="com.test.batchTesting.SignUpTest" name="signupByTwitter" time="0.002"/>
</testsuite> <!-- com.test.batchTesting.SignUpTest -->
