<?xml version="1.0" encoding="UTF-8"?>
<!-- Generated by org.testng.reporters.JUnitReportReporter -->
<testsuite hostname="DESKTOP-8Q17HOT" failures="0" tests="1" name="com.test.SampleTest" time="6.876" errors="0" timestamp="2023-07-13T20:35:50 IST" skipped="0">
  <testcase classname="com.test.SampleTest" name="getCurrentURL" time="6.876"/>
</testsuite> <!-- com.test.SampleTest -->
