<?xml version="1.0" encoding="UTF-8"?>
<!-- Generated by org.testng.reporters.JUnitReportReporter -->
<testsuite hostname="DESKTOP-8Q17HOT" failures="0" tests="2" name="com.test.batchTesting.PaymentTest" time="0.003" errors="0" timestamp="2023-07-13T22:00:48 IST" skipped="0">
  <testcase classname="com.test.batchTesting.PaymentTest" name="payementinRupees" time="0.001"/>
  <testcase classname="com.test.batchTesting.PaymentTest" name="payementinDollar" time="0.002"/>
</testsuite> <!-- com.test.batchTesting.PaymentTest -->
