<?xml version="1.0" encoding="UTF-8"?>
<!-- Generated by org.testng.reporters.JUnitReportReporter -->
<testsuite hostname="DESKTOP-8Q17HOT" failures="0" tests="3" name="com.test.batchTesting.LoginTest" time="0.013" errors="0" timestamp="2023-07-13T22:00:48 IST" skipped="0">
  <testcase classname="com.test.batchTesting.LoginTest" name="loginByFacebook" time="0.001"/>
  <testcase classname="com.test.batchTesting.LoginTest" name="loginByEmail" time="0.011"/>
  <testcase classname="com.test.batchTesting.LoginTest" name="loginByTwitter" time="0.001"/>
</testsuite> <!-- com.test.batchTesting.LoginTest -->
