<?xml version="1.0" encoding="UTF-8"?>
<!-- Generated by org.testng.reporters.JUnitReportReporter -->
<testsuite hostname="DESKTOP-8Q17HOT" failures="0" tests="1" name="com.test.batchTesting.PaymentReturn" time="0.002" errors="0" timestamp="2023-07-13T22:00:48 IST" skipped="0">
  <testcase classname="com.test.batchTesting.PaymentReturn" name="paymentReturnByBank" time="0.002"/>
</testsuite> <!-- com.test.batchTesting.PaymentReturn -->
